{
  "stats": {
    "suites": 1,
    "tests": 1,
    "passes": 0,
    "pending": 0,
    "failures": 1,
    "start": "2022-06-28T00:48:43.753Z",
    "end": "2022-06-28T00:48:49.250Z",
    "duration": 5497,
    "testsRegistered": 1,
    "passPercent": 0,
    "pendingPercent": 0,
    "other": 0,
    "hasOther": false,
    "skipped": 0,
    "hasSkipped": false
  },
  "results": [
    {
      "uuid": "903adb8d-09c9-4397-8d5b-ddeae3cce845",
      "title": "",
      "fullFile": "cypress/integration/project.spec.js",
      "file": "cypress/integration/project.spec.js",
      "beforeHooks": [],
      "afterHooks": [],
      "tests": [],
      "suites": [
        {
          "uuid": "99cb9862-aa18-424b-aeb6-fb7940c3453b",
          "title": "8 - Não deve ser possível selecionar mais de um elemento da lista ao mesmo tempo",
          "fullFile": "",
          "file": "",
          "beforeHooks": [],
          "afterHooks": [],
          "tests": [
            {
              "title": "Será verificado que, quando um elemento da lista é selecionado, o elemento selecionado previamente deixa de sê-lo. Isso é verificado através da presença ou não do estilo `background-color: rgb(128, 128, 128)` no elemento",
              "fullTitle": "8 - Não deve ser possível selecionar mais de um elemento da lista ao mesmo tempo Será verificado que, quando um elemento da lista é selecionado, o elemento selecionado previamente deixa de sê-lo. Isso é verificado através da presença ou não do estilo `background-color: rgb(128, 128, 128)` no elemento",
              "timedOut": null,
              "duration": 5473,
              "state": "failed",
              "speed": null,
              "pass": false,
              "fail": true,
              "pending": false,
              "context": null,
              "code": "var todos = [{\n  content: 'uma tarefa qualquer'\n}, {\n  content: 'uma outra tarefa atoa'\n}];\naddTodos(todos);\ncheckTodoList(todos);\ncy.get(TODO_LIST_LINE_SELECTOR).first().should('not.have.css', 'background-color', 'rgb(128, 128, 128)');\ncy.get(TODO_LIST_LINE_SELECTOR).first().click().then(function ($li) {\n  expect($li).to.have.css('background-color', 'rgb(128, 128, 128)');\n});\ncy.get(TODO_LIST_LINE_SELECTOR).last().click().then(function ($li) {\n  expect($li).to.have.css('background-color', 'rgb(128, 128, 128)');\n});\ncy.get(TODO_LIST_LINE_SELECTOR).first().should('not.have.css', 'background-color', 'rgb(128, 128, 128)');",
              "err": {
                "message": "CypressError: Timed out retrying: expected '<li.addTodo.todoColor>' not to have CSS property 'background-color' with the value 'rgb(128, 128, 128)', but the value was 'rgb(128, 128, 128)'",
                "estack": "CypressError: Timed out retrying: expected '<li.addTodo.todoColor>' not to have CSS property 'background-color' with the value 'rgb(128, 128, 128)', but the value was 'rgb(128, 128, 128)'\n    at cypressErr (http://localhost:40331/__cypress/runner/cypress_runner.js:149934:9)\n    at throwErr (http://localhost:40331/__cypress/runner/cypress_runner.js:149867:11)\n    at Object.throwErrByPath (http://localhost:40331/__cypress/runner/cypress_runner.js:149915:3)\n    at retry (http://localhost:40331/__cypress/runner/cypress_runner.js:144197:19)\n    at onFailFn (http://localhost:40331/__cypress/runner/cypress_runner.js:132448:16)\n    at tryCatcher (http://localhost:40331/__cypress/runner/cypress_runner.js:167415:23)\n    at Promise._settlePromiseFromHandler (http://localhost:40331/__cypress/runner/cypress_runner.js:165351:31)\n    at Promise._settlePromise (http://localhost:40331/__cypress/runner/cypress_runner.js:165408:18)\n    at Promise._settlePromise0 (http://localhost:40331/__cypress/runner/cypress_runner.js:165453:10)\n    at Promise._settlePromises (http://localhost:40331/__cypress/runner/cypress_runner.js:165528:18)\n    at Async../node_modules/bluebird/js/release/async.js.Async._drainQueue (http://localhost:40331/__cypress/runner/cypress_runner.js:162140:16)\n    at Async../node_modules/bluebird/js/release/async.js.Async._drainQueues (http://localhost:40331/__cypress/runner/cypress_runner.js:162150:10)\n    at Async.drainQueues (http://localhost:40331/__cypress/runner/cypress_runner.js:162024:14)",
                "diff": null
              },
              "uuid": "846241f5-02f6-41db-b4c7-55f861f1ddc0",
              "parentUUID": "99cb9862-aa18-424b-aeb6-fb7940c3453b",
              "isHook": false,
              "skipped": false
            }
          ],
          "suites": [],
          "passes": [],
          "failures": [
            "846241f5-02f6-41db-b4c7-55f861f1ddc0"
          ],
          "pending": [],
          "skipped": [],
          "duration": 5473,
          "root": false,
          "rootEmpty": false,
          "_timeout": 2000
        }
      ],
      "passes": [],
      "failures": [],
      "pending": [],
      "skipped": [],
      "duration": 0,
      "root": true,
      "rootEmpty": true,
      "_timeout": 2000
    }
  ],
  "meta": {
    "mocha": {
      "version": "7.0.1"
    },
    "mochawesome": {
      "options": {
        "quiet": false,
        "reportFilename": "mochawesome",
        "saveHtml": false,
        "saveJson": true,
        "consoleReporter": "spec",
        "useInlineDiffs": false
      },
      "version": "4.1.0"
    },
    "marge": {
      "options": {
        "id": "default",
        "reportDir": "cypress/reports",
        "overwrite": true,
        "html": false,
        "json": true
      },
      "version": "4.1.0"
    }
  }
}